22:42:12 - INFO: Reading workflow file (D:\4. Development\ogse-files\workflows\90faa599-1ab3-4cef-86ca-1f7736efea6a\workflow.json)...
22:42:12 - INFO: Reading experiment file (D:\4. Development\ogse-files\workspaces\f325a03d-7d44-4f28-be6a-57487bbf93ab\experiment.json)...
22:42:12 - INFO: Connecting to database...
22:42:12 - INFO: Creating database schema...
22:42:12 - INFO: Preparing workflow metadata for resulting coupled model...
22:42:12 - INFO: Preparing tasks: injecting parameters, fix outputs, replacing steps...
22:42:12 - INFO: Processing task select...
22:42:12 - INFO: Processing task within...
22:42:12 - INFO: Processing task select...
22:42:12 - INFO: Processing task select...
22:42:12 - INFO: Processing task add_column...
22:42:12 - INFO: Processing task add_column...
22:42:12 - INFO: Processing task add_column...
22:42:12 - INFO: Processing task add_column...
22:42:12 - INFO: Processing task set_values...
22:42:13 - INFO: Processing task set_values...
22:42:13 - INFO: Processing task set_values...
22:42:13 - INFO: Processing task set_values...
22:42:13 - INFO: Cleaning up temporary tables...
22:42:13 - INFO: Workflow execution done.
22:42:13 - INFO: Building scenario file from workflow results...
22:42:13 - INFO: Building instance sets...
22:42:13 - INFO: Building couplings sets...
22:42:13 - INFO: Preparing instances and couplings for Cadmium...
22:42:13 - INFO: Scenario preparation done.
22:42:13 - INFO: Writing geojson files to disk...
22:42:13 - INFO: Writing scenario file to disk...
22:42:13 - INFO: Assembling metadata for coupled model...
22:42:13 - INFO: Writing metadata file to disk...
22:42:13 - INFO: Dropping database schema...
22:42:13 - INFO: Workflow execution done.
22:58:02 - INFO: Reading workflow file (D:\4. Development\ogse-files\workflows\90faa599-1ab3-4cef-86ca-1f7736efea6a\workflow.json)...
22:58:02 - INFO: Reading experiment file (D:\4. Development\ogse-files\workspaces\f325a03d-7d44-4f28-be6a-57487bbf93ab\experiment.json)...
22:58:02 - INFO: Connecting to database...
22:58:02 - INFO: Creating database schema...
22:58:02 - INFO: Preparing workflow metadata for resulting coupled model...
22:58:02 - INFO: Preparing tasks: injecting parameters, fix outputs, replacing steps...
22:58:02 - INFO: Processing task select...
22:58:02 - INFO: Processing task within...
22:58:02 - INFO: Processing task select...
22:58:02 - INFO: Processing task select...
22:58:02 - INFO: Processing task add_column...
22:58:02 - INFO: Processing task add_column...
22:58:02 - INFO: Processing task add_column...
22:58:02 - INFO: Processing task add_column...
22:58:02 - INFO: Processing task set_values...
22:58:02 - INFO: Processing task set_values...
22:58:03 - INFO: Processing task set_values...
22:58:03 - INFO: Processing task set_values...
22:58:03 - INFO: Cleaning up temporary tables...
22:58:03 - INFO: Workflow execution done.
22:58:03 - INFO: Building scenario file from workflow results...
22:58:03 - INFO: Building instance sets...
22:58:03 - INFO: Building couplings sets...
22:58:03 - INFO: Preparing instances and couplings for Cadmium...
22:58:03 - INFO: Scenario preparation done.
22:58:03 - INFO: Writing geojson files to disk...
22:58:03 - INFO: Writing scenario file to disk...
22:58:03 - INFO: Assembling metadata for coupled model...
22:58:03 - INFO: Writing metadata file to disk...
22:58:03 - INFO: Dropping database schema...
22:58:03 - INFO: Workflow execution done.
22:58:46 - INFO: Reading workflow file (D:\4. Development\ogse-files\workflows\90faa599-1ab3-4cef-86ca-1f7736efea6a\workflow.json)...
22:58:46 - INFO: Reading experiment file (D:\4. Development\ogse-files\workspaces\f325a03d-7d44-4f28-be6a-57487bbf93ab\experiment.json)...
22:58:46 - INFO: Connecting to database...
22:58:46 - INFO: Creating database schema...
22:58:46 - INFO: Preparing workflow metadata for resulting coupled model...
22:58:46 - INFO: Preparing tasks: injecting parameters, fix outputs, replacing steps...
22:58:46 - INFO: Processing task select...
22:58:47 - INFO: Processing task within...
22:58:47 - INFO: Processing task select...
22:58:47 - INFO: Processing task select...
22:58:47 - INFO: Processing task add_column...
22:58:47 - INFO: Processing task add_column...
22:58:47 - INFO: Processing task add_column...
22:58:47 - INFO: Processing task add_column...
22:58:47 - INFO: Processing task set_values...
22:58:47 - INFO: Processing task set_values...
22:58:47 - INFO: Processing task set_values...
22:58:47 - INFO: Processing task set_values...
22:58:47 - INFO: Cleaning up temporary tables...
22:58:47 - INFO: Workflow execution done.
22:58:47 - INFO: Building scenario file from workflow results...
22:58:47 - INFO: Building instance sets...
22:58:47 - INFO: Building couplings sets...
22:58:47 - INFO: Preparing instances and couplings for Cadmium...
22:58:47 - INFO: Scenario preparation done.
22:58:47 - INFO: Writing geojson files to disk...
22:58:47 - INFO: Writing scenario file to disk...
22:58:47 - INFO: Assembling metadata for coupled model...
22:58:47 - INFO: Writing metadata file to disk...
22:58:47 - INFO: Dropping database schema...
22:58:47 - INFO: Workflow execution done.
23:02:01 - INFO: Reading workflow file (D:\4. Development\ogse-files\workflows\90faa599-1ab3-4cef-86ca-1f7736efea6a\workflow.json)...
23:02:01 - INFO: Reading experiment file (D:\4. Development\ogse-files\workspaces\f325a03d-7d44-4f28-be6a-57487bbf93ab\experiment.json)...
23:02:01 - INFO: Connecting to database...
23:02:01 - INFO: Creating database schema...
23:02:01 - INFO: Preparing workflow metadata for resulting coupled model...
23:02:01 - INFO: Preparing tasks: injecting parameters, fix outputs, replacing steps...
23:02:01 - INFO: Processing task select...
23:02:01 - INFO: Processing task within...
23:02:02 - INFO: Processing task select...
23:02:02 - INFO: Processing task select...
23:02:02 - INFO: Processing task add_column...
23:02:02 - INFO: Processing task add_column...
23:02:02 - INFO: Processing task add_column...
23:02:02 - INFO: Processing task add_column...
23:02:02 - INFO: Processing task set_values...
23:02:02 - INFO: Processing task set_values...
23:02:02 - INFO: Processing task set_values...
23:02:02 - INFO: Processing task set_values...
23:02:02 - INFO: Cleaning up temporary tables...
23:02:02 - INFO: Workflow execution done.
23:02:02 - INFO: Building scenario file from workflow results...
23:02:02 - INFO: Building instance sets...
23:02:02 - INFO: Building couplings sets...
23:02:02 - INFO: Preparing instances and couplings for Cadmium...
23:02:02 - INFO: Scenario preparation done.
23:02:02 - INFO: Writing geojson files to disk...
23:02:02 - INFO: Writing scenario file to disk...
23:02:02 - INFO: Assembling metadata for coupled model...
23:02:02 - INFO: Writing metadata file to disk...
23:02:02 - INFO: Dropping database schema...
23:02:02 - INFO: Workflow execution done.
23:03:49 - INFO: Reading workflow file (D:\4. Development\ogse-files\workflows\90faa599-1ab3-4cef-86ca-1f7736efea6a\workflow.json)...
23:03:49 - INFO: Reading experiment file (D:\4. Development\ogse-files\workspaces\f325a03d-7d44-4f28-be6a-57487bbf93ab\experiment.json)...
23:03:49 - INFO: Connecting to database...
23:03:49 - INFO: Creating database schema...
23:03:49 - INFO: Preparing workflow metadata for resulting coupled model...
23:03:49 - INFO: Preparing tasks: injecting parameters, fix outputs, replacing steps...
23:03:49 - INFO: Processing task select...
23:03:49 - INFO: Processing task within...
23:03:49 - INFO: Processing task select...
23:03:49 - INFO: Processing task select...
23:03:49 - INFO: Processing task add_column...
23:03:49 - INFO: Processing task add_column...
23:03:49 - INFO: Processing task add_column...
23:03:49 - INFO: Processing task add_column...
23:03:49 - INFO: Processing task set_values...
23:03:49 - INFO: Processing task set_values...
23:03:49 - INFO: Processing task set_values...
23:03:50 - INFO: Processing task set_values...
23:03:50 - INFO: Cleaning up temporary tables...
23:03:50 - INFO: Workflow execution done.
23:03:50 - INFO: Building scenario file from workflow results...
23:03:50 - INFO: Building instance sets...
23:03:50 - INFO: Building couplings sets...
23:03:50 - INFO: Preparing instances and couplings for Cadmium...
23:03:50 - INFO: Scenario preparation done.
23:03:50 - INFO: Writing geojson files to disk...
23:03:50 - INFO: Writing scenario file to disk...
23:03:50 - INFO: Assembling metadata for coupled model...
23:03:50 - INFO: Writing metadata file to disk...
23:03:50 - INFO: Dropping database schema...
23:03:50 - INFO: Workflow execution done.
23:04:52 - INFO: Reading workflow file (D:\4. Development\ogse-files\workflows\90faa599-1ab3-4cef-86ca-1f7736efea6a\workflow.json)...
23:04:52 - INFO: Reading experiment file (D:\4. Development\ogse-files\workspaces\f325a03d-7d44-4f28-be6a-57487bbf93ab\experiment.json)...
23:04:52 - INFO: Connecting to database...
23:04:52 - INFO: Creating database schema...
23:04:52 - INFO: Preparing workflow metadata for resulting coupled model...
23:04:52 - INFO: Preparing tasks: injecting parameters, fix outputs, replacing steps...
23:04:52 - INFO: Processing task select...
23:04:52 - INFO: Processing task within...
23:04:53 - INFO: Processing task select...
23:04:53 - INFO: Processing task select...
23:04:53 - INFO: Processing task add_column...
23:04:53 - INFO: Processing task add_column...
23:04:53 - INFO: Processing task add_column...
23:04:53 - INFO: Processing task add_column...
23:04:53 - INFO: Processing task set_values...
23:04:53 - INFO: Processing task set_values...
23:04:53 - INFO: Processing task set_values...
23:04:53 - INFO: Processing task set_values...
23:04:53 - INFO: Cleaning up temporary tables...
23:04:53 - INFO: Workflow execution done.
23:04:53 - INFO: Building scenario file from workflow results...
23:04:53 - INFO: Building instance sets...
23:04:53 - INFO: Building couplings sets...
23:04:53 - INFO: Preparing instances and couplings for Cadmium...
23:04:53 - INFO: Scenario preparation done.
23:04:53 - INFO: Writing geojson files to disk...
23:04:53 - INFO: Writing scenario file to disk...
23:04:53 - INFO: Assembling metadata for coupled model...
23:04:53 - INFO: Writing metadata file to disk...
23:04:53 - INFO: Dropping database schema...
23:04:53 - INFO: Workflow execution done.
23:11:49 - INFO: Reading workflow file (D:\4. Development\ogse-files\workflows\90faa599-1ab3-4cef-86ca-1f7736efea6a\workflow.json)...
23:11:49 - INFO: Reading experiment file (D:\4. Development\ogse-files\workspaces\f325a03d-7d44-4f28-be6a-57487bbf93ab\experiment.json)...
23:11:49 - INFO: Connecting to database...
23:11:49 - INFO: Creating database schema...
23:11:49 - INFO: Preparing workflow metadata for resulting coupled model...
23:11:49 - INFO: Preparing tasks: injecting parameters, fix outputs, replacing steps...
23:11:49 - INFO: Processing task select...
23:11:49 - INFO: Processing task within...
23:11:49 - INFO: Processing task select...
23:11:49 - INFO: Processing task select...
23:11:49 - INFO: Processing task add_column...
23:11:49 - INFO: Processing task add_column...
23:11:49 - INFO: Processing task add_column...
23:11:49 - INFO: Processing task add_column...
23:11:49 - INFO: Processing task set_values...
23:11:49 - INFO: Processing task set_values...
23:11:49 - INFO: Processing task set_values...
23:11:49 - INFO: Processing task set_values...
23:11:49 - INFO: Cleaning up temporary tables...
23:11:49 - INFO: Workflow execution done.
23:11:49 - INFO: Building scenario file from workflow results...
23:11:49 - INFO: Building instance sets...
23:11:49 - INFO: Building couplings sets...
23:11:49 - INFO: Preparing instances and couplings for Cadmium...
23:11:49 - INFO: Scenario preparation done.
23:11:49 - INFO: Writing geojson files to disk...
23:11:49 - INFO: Writing scenario file to disk...
23:11:49 - INFO: Assembling metadata for coupled model...
23:11:49 - INFO: Writing metadata file to disk...
23:11:49 - INFO: Dropping database schema...
23:11:50 - INFO: Workflow execution done.
23:12:13 - INFO: Reading workflow file (D:\4. Development\ogse-files\workflows\90faa599-1ab3-4cef-86ca-1f7736efea6a\workflow.json)...
23:12:13 - INFO: Reading experiment file (D:\4. Development\ogse-files\workspaces\f325a03d-7d44-4f28-be6a-57487bbf93ab\experiment.json)...
23:12:13 - INFO: Connecting to database...
23:12:13 - INFO: Creating database schema...
23:12:13 - INFO: Preparing workflow metadata for resulting coupled model...
23:12:13 - INFO: Preparing tasks: injecting parameters, fix outputs, replacing steps...
23:12:13 - INFO: Processing task select...
23:12:13 - INFO: Processing task within...
23:12:13 - INFO: Processing task select...
23:12:13 - INFO: Processing task select...
23:12:13 - INFO: Processing task add_column...
23:12:13 - INFO: Processing task add_column...
23:12:13 - INFO: Processing task add_column...
23:12:13 - INFO: Processing task add_column...
23:12:13 - INFO: Processing task set_values...
23:12:13 - INFO: Processing task set_values...
23:12:13 - INFO: Processing task set_values...
23:12:13 - INFO: Processing task set_values...
23:12:14 - INFO: Cleaning up temporary tables...
23:12:14 - INFO: Workflow execution done.
23:12:14 - INFO: Building scenario file from workflow results...
23:12:14 - INFO: Building instance sets...
23:12:14 - INFO: Building couplings sets...
23:12:14 - INFO: Preparing instances and couplings for Cadmium...
23:12:14 - INFO: Scenario preparation done.
23:12:14 - INFO: Writing geojson files to disk...
23:12:14 - INFO: Writing scenario file to disk...
23:12:14 - INFO: Assembling metadata for coupled model...
23:12:14 - INFO: Writing metadata file to disk...
23:12:14 - INFO: Dropping database schema...
23:12:14 - INFO: Workflow execution done.
10:59:32 - INFO: Reading workflow file (D:\4. Development\ogse-files\workflows\90faa599-1ab3-4cef-86ca-1f7736efea6a\workflow.json)...
10:59:32 - INFO: Reading experiment file (D:\4. Development\ogse-files\workspaces\f325a03d-7d44-4f28-be6a-57487bbf93ab\experiment.json)...
10:59:32 - INFO: Connecting to database...
10:59:32 - INFO: Creating database schema...
10:59:32 - INFO: Preparing workflow metadata for resulting coupled model...
10:59:32 - INFO: Preparing tasks: injecting parameters, fix outputs, replacing steps...
10:59:32 - INFO: Processing task select...
10:59:33 - INFO: Processing task within...
10:59:33 - INFO: Processing task select...
10:59:33 - INFO: Processing task select...
10:59:33 - INFO: Processing task add_column...
10:59:33 - INFO: Processing task add_column...
10:59:33 - INFO: Processing task add_column...
10:59:33 - INFO: Processing task add_column...
10:59:33 - INFO: Processing task set_values...
10:59:33 - INFO: Processing task set_values...
10:59:33 - INFO: Processing task set_values...
10:59:33 - INFO: Processing task set_values...
10:59:33 - INFO: Cleaning up temporary tables...
10:59:34 - INFO: Workflow execution done.
10:59:34 - INFO: Building scenario file from workflow results...
10:59:34 - INFO: Building instance sets...
10:59:34 - INFO: Building couplings sets...
10:59:34 - INFO: Preparing instances and couplings for Cadmium...
10:59:34 - INFO: Scenario preparation done.
10:59:34 - INFO: Writing geojson files to disk...
10:59:34 - INFO: Writing scenario file to disk...
10:59:34 - INFO: Assembling metadata for coupled model...
10:59:34 - INFO: Writing metadata file to disk...
10:59:34 - INFO: Dropping database schema...
10:59:34 - INFO: Workflow execution done.
11:01:22 - INFO: Reading workflow file (D:\4. Development\ogse-files\workflows\90faa599-1ab3-4cef-86ca-1f7736efea6a\workflow.json)...
11:01:22 - INFO: Reading experiment file (D:\4. Development\ogse-files\workspaces\f325a03d-7d44-4f28-be6a-57487bbf93ab\experiment.json)...
11:01:22 - INFO: Connecting to database...
11:01:22 - INFO: Creating database schema...
11:01:22 - INFO: Preparing workflow metadata for resulting coupled model...
11:01:22 - INFO: Preparing tasks: injecting parameters, fix outputs, replacing steps...
11:01:22 - INFO: Processing task select...
11:01:23 - INFO: Processing task within...
11:01:23 - INFO: Processing task select...
11:01:23 - INFO: Processing task select...
11:01:23 - INFO: Processing task add_column...
11:01:24 - INFO: Processing task add_column...
11:01:24 - INFO: Processing task add_column...
11:01:24 - INFO: Processing task add_column...
11:01:24 - INFO: Processing task set_values...
11:01:24 - INFO: Processing task set_values...
11:01:24 - INFO: Processing task set_values...
11:01:24 - INFO: Processing task set_values...
11:01:24 - INFO: Cleaning up temporary tables...
11:01:24 - INFO: Workflow execution done.
11:01:24 - INFO: Building scenario file from workflow results...
11:01:24 - INFO: Building instance sets...
11:01:24 - INFO: Building couplings sets...
11:01:24 - INFO: Preparing instances and couplings for Cadmium...
11:01:24 - INFO: Scenario preparation done.
11:01:24 - INFO: Writing geojson files to disk...
11:01:24 - INFO: Writing scenario file to disk...
11:01:24 - INFO: Assembling metadata for coupled model...
11:01:24 - INFO: Writing metadata file to disk...
11:01:24 - INFO: Dropping database schema...
11:01:24 - INFO: Workflow execution done.
13:18:07 - INFO: Reading workflow file (D:\4. Development\ogse-files\workflows\90faa599-1ab3-4cef-86ca-1f7736efea6a\workflow.json)...
13:18:07 - INFO: Reading experiment file (D:\4. Development\ogse-files\workspaces\f325a03d-7d44-4f28-be6a-57487bbf93ab\experiment.json)...
13:18:07 - INFO: Connecting to database...
13:18:07 - INFO: Creating database schema...
13:18:07 - INFO: Preparing workflow metadata for resulting coupled model...
13:18:07 - INFO: Preparing tasks: injecting parameters, fix outputs, replacing steps...
13:18:07 - INFO: Processing task select...
13:18:07 - INFO: Processing task within...
13:18:08 - INFO: Processing task select...
13:18:08 - INFO: Processing task select...
13:18:08 - INFO: Processing task add_column...
13:18:08 - INFO: Processing task add_column...
13:18:09 - INFO: Processing task add_column...
13:18:09 - INFO: Processing task add_column...
13:18:09 - INFO: Processing task set_values...
13:18:09 - INFO: Processing task set_values...
13:18:09 - INFO: Processing task set_values...
13:18:09 - INFO: Processing task set_values...
13:18:09 - INFO: Cleaning up temporary tables...
13:18:09 - INFO: Workflow execution done.
13:18:09 - INFO: Building scenario file from workflow results...
13:18:09 - INFO: Building instance sets...
13:18:09 - INFO: Building couplings sets...
13:18:09 - INFO: Preparing instances and couplings for Cadmium...
13:18:09 - INFO: Scenario preparation done.
13:18:09 - INFO: Writing geojson files to disk...
13:18:09 - INFO: Writing scenario file to disk...
13:18:09 - INFO: Assembling metadata for coupled model...
13:18:09 - INFO: Writing metadata file to disk...
13:18:09 - INFO: Dropping database schema...
13:18:09 - INFO: Workflow execution done.
