23:17:19 - INFO: Reading workflow file (D:\4. Development\ogse-files\workflows\1963276b-fda0-4fce-8566-ca1393243a1a\workflow.json)...
23:17:19 - INFO: Reading experiment file (D:\4. Development\ogse-files\workspaces\60a3c7e5-1e1e-4a2b-ae87-e1e85d5c6341\experiment.json)...
23:17:19 - INFO: Connecting to database...
23:17:19 - INFO: Creating database schema...
23:17:19 - INFO: Preparing workflow metadata for resulting coupled model...
23:17:19 - INFO: Preparing tasks: injecting parameters, fix outputs, replacing steps...
23:17:19 - INFO: Injecting looped experiment parameters...
23:17:19 - INFO: Processing task select...
23:17:19 - INFO: Processing task add_column...
23:17:19 - INFO: Processing task add_column...
23:17:19 - INFO: Processing task set_values...
23:17:19 - INFO: Processing task set_values...
23:17:19 - INFO: Processing task intersection...
23:17:21 - INFO: Processing task set_values...
23:17:21 - INFO: Cleaning up temporary tables...
23:17:21 - INFO: Workflow execution done.
23:17:21 - INFO: Building scenario file from workflow results...
23:17:21 - INFO: Building instance sets...
23:17:21 - INFO: Building couplings sets...
23:17:21 - INFO: Preparing instances and couplings for Cadmium...
23:17:21 - INFO: Scenario preparation done.
23:17:21 - INFO: Writing geojson files to disk...
23:17:21 - INFO: Writing scenario file to disk...
23:17:21 - INFO: Assembling metadata for coupled model...
23:17:21 - INFO: Writing metadata file to disk...
23:17:21 - INFO: Dropping database schema...
23:17:21 - INFO: Workflow execution done.
23:18:31 - INFO: Reading workflow file (D:\4. Development\ogse-files\workflows\1963276b-fda0-4fce-8566-ca1393243a1a\workflow.json)...
23:18:31 - INFO: Reading experiment file (D:\4. Development\ogse-files\workspaces\60a3c7e5-1e1e-4a2b-ae87-e1e85d5c6341\experiment.json)...
23:18:31 - INFO: Connecting to database...
23:18:31 - INFO: Creating database schema...
23:18:31 - INFO: Preparing workflow metadata for resulting coupled model...
23:18:31 - INFO: Preparing tasks: injecting parameters, fix outputs, replacing steps...
23:18:31 - INFO: Injecting looped experiment parameters...
23:18:31 - INFO: Processing task select...
23:18:31 - INFO: Processing task add_column...
23:18:31 - INFO: Processing task add_column...
23:18:31 - INFO: Processing task set_values...
23:18:32 - INFO: Processing task set_values...
23:18:32 - INFO: Processing task intersection...
23:18:33 - INFO: Processing task set_values...
23:18:33 - INFO: Cleaning up temporary tables...
23:18:33 - INFO: Workflow execution done.
23:18:33 - INFO: Building scenario file from workflow results...
23:18:33 - INFO: Building instance sets...
23:18:33 - INFO: Building couplings sets...
23:18:33 - INFO: Preparing instances and couplings for Cadmium...
23:18:33 - INFO: Scenario preparation done.
23:18:33 - INFO: Writing geojson files to disk...
23:18:33 - INFO: Writing scenario file to disk...
23:18:33 - INFO: Assembling metadata for coupled model...
23:18:33 - INFO: Writing metadata file to disk...
23:18:33 - INFO: Dropping database schema...
23:18:33 - INFO: Workflow execution done.
23:18:49 - INFO: Reading workflow file (D:\4. Development\ogse-files\workflows\1963276b-fda0-4fce-8566-ca1393243a1a\workflow.json)...
23:18:49 - INFO: Reading experiment file (D:\4. Development\ogse-files\workspaces\60a3c7e5-1e1e-4a2b-ae87-e1e85d5c6341\experiment.json)...
23:18:49 - INFO: Connecting to database...
23:18:49 - INFO: Creating database schema...
23:18:49 - INFO: Preparing workflow metadata for resulting coupled model...
23:18:49 - INFO: Preparing tasks: injecting parameters, fix outputs, replacing steps...
23:18:49 - INFO: Injecting looped experiment parameters...
23:18:49 - INFO: Processing task select...
23:18:50 - INFO: Processing task add_column...
23:18:50 - INFO: Processing task add_column...
23:18:50 - INFO: Processing task set_values...
23:18:50 - INFO: Processing task set_values...
23:18:50 - INFO: Processing task intersection...
23:18:51 - INFO: Processing task set_values...
23:18:51 - INFO: Cleaning up temporary tables...
23:18:51 - INFO: Workflow execution done.
23:18:51 - INFO: Building scenario file from workflow results...
23:18:51 - INFO: Building instance sets...
23:18:51 - INFO: Building couplings sets...
23:18:51 - INFO: Preparing instances and couplings for Cadmium...
23:18:51 - INFO: Scenario preparation done.
23:18:51 - INFO: Writing geojson files to disk...
23:18:51 - INFO: Writing scenario file to disk...
23:18:51 - INFO: Assembling metadata for coupled model...
23:18:51 - INFO: Writing metadata file to disk...
23:18:51 - INFO: Dropping database schema...
23:18:51 - INFO: Workflow execution done.
23:19:46 - INFO: Reading workflow file (D:\4. Development\ogse-files\workflows\1963276b-fda0-4fce-8566-ca1393243a1a\workflow.json)...
23:19:46 - INFO: Reading experiment file (D:\4. Development\ogse-files\workspaces\60a3c7e5-1e1e-4a2b-ae87-e1e85d5c6341\experiment.json)...
23:19:46 - INFO: Connecting to database...
23:19:46 - INFO: Creating database schema...
23:19:46 - INFO: Preparing workflow metadata for resulting coupled model...
23:19:46 - INFO: Preparing tasks: injecting parameters, fix outputs, replacing steps...
23:19:46 - INFO: Injecting looped experiment parameters...
23:19:46 - INFO: Processing task select...
23:19:46 - INFO: Processing task add_column...
23:19:46 - INFO: Processing task add_column...
23:19:46 - INFO: Processing task set_values...
23:19:46 - INFO: Processing task set_values...
23:19:46 - INFO: Processing task intersection...
23:19:48 - INFO: Processing task set_values...
23:19:48 - INFO: Cleaning up temporary tables...
23:19:48 - INFO: Workflow execution done.
23:19:48 - INFO: Building scenario file from workflow results...
23:19:48 - INFO: Building instance sets...
23:19:48 - INFO: Building couplings sets...
23:19:48 - INFO: Preparing instances and couplings for Cadmium...
23:19:48 - INFO: Scenario preparation done.
23:19:48 - INFO: Writing geojson files to disk...
23:19:48 - INFO: Writing scenario file to disk...
23:19:48 - INFO: Assembling metadata for coupled model...
23:19:48 - INFO: Writing metadata file to disk...
23:19:48 - INFO: Dropping database schema...
23:19:48 - INFO: Workflow execution done.
23:20:27 - INFO: Reading workflow file (D:\4. Development\ogse-files\workflows\1963276b-fda0-4fce-8566-ca1393243a1a\workflow.json)...
23:20:27 - INFO: Reading experiment file (D:\4. Development\ogse-files\workspaces\60a3c7e5-1e1e-4a2b-ae87-e1e85d5c6341\experiment.json)...
23:20:27 - INFO: Connecting to database...
23:20:27 - INFO: Creating database schema...
23:20:27 - INFO: Preparing workflow metadata for resulting coupled model...
23:20:27 - INFO: Preparing tasks: injecting parameters, fix outputs, replacing steps...
23:20:27 - INFO: Injecting looped experiment parameters...
23:20:27 - INFO: Processing task select...
23:20:27 - INFO: Processing task add_column...
23:20:27 - INFO: Processing task add_column...
23:20:27 - INFO: Processing task set_values...
23:20:27 - INFO: Processing task set_values...
23:20:27 - INFO: Processing task intersection...
23:20:28 - INFO: Processing task set_values...
23:20:28 - INFO: Cleaning up temporary tables...
23:20:28 - INFO: Workflow execution done.
23:20:28 - INFO: Building scenario file from workflow results...
23:20:28 - INFO: Building instance sets...
23:20:28 - INFO: Building couplings sets...
23:20:28 - INFO: Preparing instances and couplings for Cadmium...
23:20:28 - INFO: Scenario preparation done.
23:20:28 - INFO: Writing geojson files to disk...
23:20:28 - INFO: Writing scenario file to disk...
23:20:28 - INFO: Assembling metadata for coupled model...
23:20:28 - INFO: Writing metadata file to disk...
23:20:28 - INFO: Dropping database schema...
23:20:28 - INFO: Workflow execution done.
23:21:14 - INFO: Reading workflow file (D:\4. Development\ogse-files\workflows\1963276b-fda0-4fce-8566-ca1393243a1a\workflow.json)...
23:21:14 - INFO: Reading experiment file (D:\4. Development\ogse-files\workspaces\60a3c7e5-1e1e-4a2b-ae87-e1e85d5c6341\experiment.json)...
23:21:14 - INFO: Connecting to database...
23:21:14 - INFO: Creating database schema...
23:21:14 - INFO: Preparing workflow metadata for resulting coupled model...
23:21:14 - INFO: Preparing tasks: injecting parameters, fix outputs, replacing steps...
23:21:14 - INFO: Injecting looped experiment parameters...
23:21:14 - INFO: Processing task select...
23:21:14 - INFO: Processing task add_column...
23:21:14 - INFO: Processing task add_column...
23:21:14 - INFO: Processing task set_values...
23:21:14 - INFO: Processing task set_values...
23:21:15 - INFO: Processing task intersection...
23:21:16 - INFO: Processing task set_values...
23:21:16 - INFO: Cleaning up temporary tables...
23:21:16 - INFO: Workflow execution done.
23:21:16 - INFO: Building scenario file from workflow results...
23:21:16 - INFO: Building instance sets...
23:21:16 - INFO: Building couplings sets...
23:21:16 - INFO: Preparing instances and couplings for Cadmium...
23:21:16 - INFO: Scenario preparation done.
23:21:16 - INFO: Writing geojson files to disk...
23:21:16 - INFO: Writing scenario file to disk...
23:21:16 - INFO: Assembling metadata for coupled model...
23:21:16 - INFO: Writing metadata file to disk...
23:21:16 - INFO: Dropping database schema...
23:21:16 - INFO: Workflow execution done.
23:23:40 - INFO: Reading workflow file (D:\4. Development\ogse-files\workflows\1963276b-fda0-4fce-8566-ca1393243a1a\workflow.json)...
23:23:40 - INFO: Reading experiment file (D:\4. Development\ogse-files\workspaces\60a3c7e5-1e1e-4a2b-ae87-e1e85d5c6341\experiment.json)...
23:23:40 - INFO: Connecting to database...
23:23:40 - INFO: Creating database schema...
23:23:40 - INFO: Preparing workflow metadata for resulting coupled model...
23:23:40 - INFO: Preparing tasks: injecting parameters, fix outputs, replacing steps...
23:23:40 - INFO: Injecting looped experiment parameters...
23:23:40 - INFO: Processing task select...
23:23:40 - INFO: Processing task add_column...
23:23:40 - INFO: Processing task add_column...
23:23:40 - INFO: Processing task set_values...
23:23:40 - INFO: Processing task set_values...
23:23:40 - INFO: Processing task intersection...
23:23:41 - INFO: Processing task set_values...
23:23:41 - INFO: Cleaning up temporary tables...
23:23:41 - INFO: Workflow execution done.
23:23:41 - INFO: Building scenario file from workflow results...
23:23:41 - INFO: Building instance sets...
23:23:41 - INFO: Building couplings sets...
23:23:41 - INFO: Preparing instances and couplings for Cadmium...
23:23:41 - INFO: Scenario preparation done.
23:23:41 - INFO: Writing geojson files to disk...
23:23:41 - INFO: Writing scenario file to disk...
23:23:41 - INFO: Assembling metadata for coupled model...
23:23:41 - INFO: Writing metadata file to disk...
23:23:41 - INFO: Dropping database schema...
23:23:41 - INFO: Workflow execution done.
23:25:34 - INFO: Reading workflow file (D:\4. Development\ogse-files\workflows\1963276b-fda0-4fce-8566-ca1393243a1a\workflow.json)...
23:25:34 - INFO: Reading experiment file (D:\4. Development\ogse-files\workspaces\60a3c7e5-1e1e-4a2b-ae87-e1e85d5c6341\experiment.json)...
23:25:34 - INFO: Connecting to database...
23:25:34 - INFO: Creating database schema...
23:25:34 - INFO: Preparing workflow metadata for resulting coupled model...
23:25:34 - INFO: Preparing tasks: injecting parameters, fix outputs, replacing steps...
23:25:34 - INFO: Injecting looped experiment parameters...
23:25:34 - INFO: Processing task select...
23:25:34 - INFO: Processing task add_column...
23:25:34 - INFO: Processing task add_column...
23:25:34 - INFO: Processing task set_values...
23:25:34 - INFO: Processing task set_values...
23:25:34 - INFO: Processing task intersection...
23:25:35 - INFO: Processing task set_values...
23:25:35 - INFO: Cleaning up temporary tables...
23:25:35 - INFO: Workflow execution done.
23:25:35 - INFO: Building scenario file from workflow results...
23:25:35 - INFO: Building instance sets...
23:25:35 - INFO: Building couplings sets...
23:25:35 - INFO: Preparing instances and couplings for Cadmium...
23:25:35 - INFO: Scenario preparation done.
23:25:35 - INFO: Writing geojson files to disk...
23:25:35 - INFO: Writing scenario file to disk...
23:25:35 - INFO: Assembling metadata for coupled model...
23:25:35 - INFO: Writing metadata file to disk...
23:25:35 - INFO: Dropping database schema...
23:25:35 - INFO: Workflow execution done.
00:00:55 - INFO: Reading workflow file (D:\4. Development\ogse-files\workflows\1963276b-fda0-4fce-8566-ca1393243a1a\workflow.json)...
00:00:55 - INFO: Reading experiment file (D:\4. Development\ogse-files\workspaces\60a3c7e5-1e1e-4a2b-ae87-e1e85d5c6341\experiment.json)...
00:00:55 - INFO: Connecting to database...
00:00:55 - INFO: Creating database schema...
00:00:55 - INFO: Preparing workflow metadata for resulting coupled model...
00:00:55 - INFO: Preparing tasks: injecting parameters, fix outputs, replacing steps...
00:00:55 - INFO: Injecting looped experiment parameters...
00:00:55 - INFO: Processing task select...
00:00:55 - INFO: Processing task add_column...
00:00:55 - INFO: Processing task add_column...
00:00:55 - INFO: Processing task set_values...
00:00:55 - INFO: Processing task set_values...
00:00:55 - INFO: Processing task intersection...
00:00:57 - INFO: Processing task set_values...
00:00:57 - INFO: Cleaning up temporary tables...
00:00:57 - INFO: Workflow execution done.
00:00:57 - INFO: Building scenario file from workflow results...
00:00:57 - INFO: Building instance sets...
00:00:57 - INFO: Building couplings sets...
00:00:57 - INFO: Preparing instances and couplings for Cadmium...
00:00:57 - INFO: Scenario preparation done.
00:00:57 - INFO: Writing geojson files to disk...
00:00:58 - INFO: Writing scenario file to disk...
00:00:58 - INFO: Assembling metadata for coupled model...
00:00:58 - INFO: Writing metadata file to disk...
00:00:58 - INFO: Dropping database schema...
00:00:58 - INFO: Workflow execution done.
00:02:09 - INFO: Reading workflow file (D:\4. Development\ogse-files\workflows\1963276b-fda0-4fce-8566-ca1393243a1a\workflow.json)...
00:02:09 - INFO: Reading experiment file (D:\4. Development\ogse-files\workspaces\60a3c7e5-1e1e-4a2b-ae87-e1e85d5c6341\experiment.json)...
00:02:09 - INFO: Connecting to database...
00:02:09 - INFO: Creating database schema...
00:02:09 - INFO: Preparing workflow metadata for resulting coupled model...
00:02:09 - INFO: Preparing tasks: injecting parameters, fix outputs, replacing steps...
00:02:09 - INFO: Injecting looped experiment parameters...
00:02:09 - INFO: Processing task select...
00:02:09 - INFO: Processing task add_column...
00:02:09 - INFO: Processing task add_column...
00:02:09 - INFO: Processing task set_values...
00:02:09 - INFO: Processing task set_values...
00:02:09 - INFO: Processing task intersection...
00:02:10 - INFO: Processing task set_values...
00:02:10 - INFO: Cleaning up temporary tables...
00:02:10 - INFO: Workflow execution done.
00:02:10 - INFO: Building scenario file from workflow results...
00:02:10 - INFO: Building instance sets...
00:02:10 - INFO: Building couplings sets...
00:02:10 - INFO: Preparing instances and couplings for Cadmium...
00:02:10 - INFO: Scenario preparation done.
00:02:10 - INFO: Writing geojson files to disk...
00:02:10 - INFO: Writing scenario file to disk...
00:02:10 - INFO: Assembling metadata for coupled model...
00:02:11 - INFO: Writing metadata file to disk...
00:02:11 - INFO: Dropping database schema...
00:02:11 - INFO: Workflow execution done.
23:06:40 - INFO: Reading workflow file (D:\4. Development\ogse-files\workflows\1963276b-fda0-4fce-8566-ca1393243a1a\workflow.json)...
23:06:40 - INFO: Reading experiment file (D:\4. Development\ogse-files\workspaces\60a3c7e5-1e1e-4a2b-ae87-e1e85d5c6341\experiment.json)...
23:06:40 - INFO: Connecting to database...
23:06:40 - INFO: Creating database schema...
23:06:40 - INFO: Preparing workflow metadata for resulting coupled model...
23:06:40 - INFO: Preparing tasks: injecting parameters, fix outputs, replacing steps...
23:06:40 - INFO: Injecting looped experiment parameters...
23:06:40 - INFO: Processing task select...
23:06:40 - INFO: Dropping database schema...
23:06:40 - ERROR: can only join an iterable
23:07:11 - INFO: Reading workflow file (D:\4. Development\ogse-files\workflows\1963276b-fda0-4fce-8566-ca1393243a1a\workflow.json)...
23:07:11 - INFO: Reading experiment file (D:\4. Development\ogse-files\workspaces\60a3c7e5-1e1e-4a2b-ae87-e1e85d5c6341\experiment.json)...
23:07:11 - INFO: Connecting to database...
23:07:12 - INFO: Creating database schema...
23:07:12 - INFO: Preparing workflow metadata for resulting coupled model...
23:07:12 - INFO: Preparing tasks: injecting parameters, fix outputs, replacing steps...
23:07:12 - INFO: Injecting looped experiment parameters...
23:07:12 - INFO: Processing task select...
23:07:12 - INFO: Dropping database schema...
23:07:12 - ERROR: sequence item 0: expected str instance, int found
23:09:08 - INFO: Reading workflow file (D:\4. Development\ogse-files\workflows\1963276b-fda0-4fce-8566-ca1393243a1a\workflow.json)...
23:09:08 - INFO: Reading experiment file (D:\4. Development\ogse-files\workspaces\60a3c7e5-1e1e-4a2b-ae87-e1e85d5c6341\experiment.json)...
23:09:08 - INFO: Connecting to database...
23:09:08 - INFO: Creating database schema...
23:09:09 - INFO: Preparing workflow metadata for resulting coupled model...
23:09:09 - INFO: Preparing tasks: injecting parameters, fix outputs, replacing steps...
23:09:09 - INFO: Injecting looped experiment parameters...
23:09:09 - INFO: Processing task select...
23:09:09 - INFO: Processing task add_column...
23:09:09 - INFO: Processing task add_column...
23:09:09 - INFO: Processing task set_values...
23:09:09 - INFO: Processing task set_values...
23:09:09 - INFO: Processing task intersection...
23:09:12 - INFO: Processing task set_values...
23:09:12 - INFO: Cleaning up temporary tables...
23:09:12 - INFO: Workflow execution done.
23:09:12 - INFO: Building scenario file from workflow results...
23:09:12 - INFO: Building instance sets...
23:09:12 - INFO: Building couplings sets...
23:09:12 - INFO: Preparing instances and couplings for Cadmium...
23:09:12 - INFO: Scenario preparation done.
23:09:12 - INFO: Writing geojson files to disk...
23:09:12 - INFO: Writing scenario file to disk...
23:09:12 - INFO: Assembling metadata for coupled model...
23:09:12 - INFO: Writing metadata file to disk...
23:09:12 - INFO: Dropping database schema...
23:09:12 - INFO: Workflow execution done.
11:15:04 - INFO: Reading workflow file (D:\4. Development\ogse-files\workflows\1963276b-fda0-4fce-8566-ca1393243a1a\workflow.json)...
11:15:04 - INFO: Reading experiment file (D:\4. Development\ogse-files\workspaces\60a3c7e5-1e1e-4a2b-ae87-e1e85d5c6341\experiment.json)...
11:15:04 - INFO: Connecting to database...
11:15:04 - INFO: Creating database schema...
11:15:04 - INFO: Preparing workflow metadata for resulting coupled model...
11:15:04 - INFO: Preparing tasks: injecting parameters, fix outputs, replacing steps...
11:15:04 - INFO: Injecting looped experiment parameters...
11:15:04 - INFO: Processing task select...
11:15:04 - INFO: Processing task add_column...
11:15:04 - INFO: Processing task add_column...
11:15:04 - INFO: Processing task set_values...
11:15:04 - INFO: Processing task set_values...
11:15:04 - INFO: Processing task intersection...
11:15:07 - INFO: Processing task set_values...
11:15:07 - INFO: Cleaning up temporary tables...
11:15:07 - INFO: Workflow execution done.
11:15:07 - INFO: Building scenario file from workflow results...
11:15:07 - INFO: Building instance sets...
11:15:07 - INFO: Building couplings sets...
11:15:07 - INFO: Preparing instances and couplings for Cadmium...
11:15:07 - INFO: Scenario preparation done.
11:15:07 - INFO: Writing geojson files to disk...
11:15:07 - INFO: Writing scenario file to disk...
11:15:07 - INFO: Assembling metadata for coupled model...
11:15:07 - INFO: Writing metadata file to disk...
11:15:07 - INFO: Dropping database schema...
11:15:07 - INFO: Workflow execution done.
13:15:10 - INFO: Reading workflow file (D:\4. Development\ogse-files\workflows\1963276b-fda0-4fce-8566-ca1393243a1a\workflow.json)...
13:15:10 - INFO: Reading experiment file (D:\4. Development\ogse-files\workspaces\60a3c7e5-1e1e-4a2b-ae87-e1e85d5c6341\experiment.json)...
13:15:10 - INFO: Connecting to database...
13:15:10 - INFO: Creating database schema...
13:15:10 - INFO: Preparing workflow metadata for resulting coupled model...
13:15:10 - INFO: Preparing tasks: injecting parameters, fix outputs, replacing steps...
13:15:10 - INFO: Injecting looped experiment parameters...
13:15:10 - INFO: Processing task select...
13:15:11 - INFO: Processing task add_column...
13:15:11 - INFO: Processing task add_column...
13:15:11 - INFO: Processing task set_values...
13:15:11 - INFO: Processing task set_values...
13:15:11 - INFO: Processing task intersection...
13:15:14 - INFO: Processing task set_values...
13:15:14 - INFO: Cleaning up temporary tables...
13:15:14 - INFO: Workflow execution done.
13:15:14 - INFO: Building scenario file from workflow results...
13:15:14 - INFO: Building instance sets...
13:15:14 - INFO: Building couplings sets...
13:15:14 - INFO: Preparing instances and couplings for Cadmium...
13:15:14 - INFO: Scenario preparation done.
13:15:14 - INFO: Writing geojson files to disk...
13:15:14 - INFO: Writing scenario file to disk...
13:15:14 - INFO: Assembling metadata for coupled model...
13:15:15 - INFO: Writing metadata file to disk...
13:15:15 - INFO: Dropping database schema...
13:15:15 - INFO: Workflow execution done.
13:17:07 - INFO: Reading workflow file (D:\4. Development\ogse-files\workflows\1963276b-fda0-4fce-8566-ca1393243a1a\workflow.json)...
13:17:07 - INFO: Reading experiment file (D:\4. Development\ogse-files\workspaces\60a3c7e5-1e1e-4a2b-ae87-e1e85d5c6341\experiment.json)...
13:17:07 - INFO: Connecting to database...
13:17:07 - INFO: Creating database schema...
13:17:07 - INFO: Preparing workflow metadata for resulting coupled model...
13:17:07 - INFO: Preparing tasks: injecting parameters, fix outputs, replacing steps...
13:17:07 - INFO: Injecting looped experiment parameters...
13:17:07 - INFO: Processing task select...
13:17:08 - INFO: Processing task add_column...
13:17:08 - INFO: Processing task add_column...
13:17:08 - INFO: Processing task set_values...
13:17:08 - INFO: Processing task set_values...
13:17:08 - INFO: Processing task intersection...
13:17:09 - INFO: Processing task set_values...
13:17:09 - INFO: Cleaning up temporary tables...
13:17:09 - INFO: Workflow execution done.
13:17:09 - INFO: Building scenario file from workflow results...
13:17:09 - INFO: Building instance sets...
13:17:09 - INFO: Building couplings sets...
13:17:09 - INFO: Preparing instances and couplings for Cadmium...
13:17:09 - INFO: Scenario preparation done.
13:17:09 - INFO: Writing geojson files to disk...
13:17:09 - INFO: Writing scenario file to disk...
13:17:09 - INFO: Assembling metadata for coupled model...
13:17:09 - INFO: Writing metadata file to disk...
13:17:09 - INFO: Dropping database schema...
13:17:09 - INFO: Workflow execution done.
13:22:00 - INFO: Reading workflow file (D:\4. Development\ogse-files\workflows\1963276b-fda0-4fce-8566-ca1393243a1a\workflow.json)...
13:22:00 - INFO: Reading experiment file (D:\4. Development\ogse-files\workspaces\60a3c7e5-1e1e-4a2b-ae87-e1e85d5c6341\experiment.json)...
13:22:00 - INFO: Connecting to database...
13:22:00 - INFO: Creating database schema...
13:22:00 - INFO: Preparing workflow metadata for resulting coupled model...
13:22:00 - INFO: Preparing tasks: injecting parameters, fix outputs, replacing steps...
13:22:00 - INFO: Injecting looped experiment parameters...
13:22:00 - INFO: Processing task select...
13:22:00 - INFO: Processing task add_column...
13:22:00 - INFO: Processing task add_column...
13:22:00 - INFO: Processing task set_values...
13:22:01 - INFO: Processing task set_values...
13:22:01 - INFO: Processing task intersection...
13:22:02 - INFO: Processing task set_values...
13:22:02 - INFO: Cleaning up temporary tables...
13:22:02 - INFO: Workflow execution done.
13:22:02 - INFO: Building scenario file from workflow results...
13:22:02 - INFO: Building instance sets...
13:22:02 - INFO: Building couplings sets...
13:22:02 - INFO: Preparing instances and couplings for Cadmium...
13:22:02 - INFO: Scenario preparation done.
13:22:02 - INFO: Writing geojson files to disk...
13:22:02 - INFO: Writing scenario file to disk...
13:22:02 - INFO: Assembling metadata for coupled model...
13:22:02 - INFO: Writing metadata file to disk...
13:22:02 - INFO: Dropping database schema...
13:22:02 - INFO: Workflow execution done.
13:23:59 - INFO: Reading workflow file (D:\4. Development\ogse-files\workflows\1963276b-fda0-4fce-8566-ca1393243a1a\workflow.json)...
13:23:59 - INFO: Reading experiment file (D:\4. Development\ogse-files\workspaces\60a3c7e5-1e1e-4a2b-ae87-e1e85d5c6341\experiment.json)...
13:23:59 - INFO: Connecting to database...
13:23:59 - INFO: Creating database schema...
13:23:59 - INFO: Preparing workflow metadata for resulting coupled model...
13:23:59 - INFO: Preparing tasks: injecting parameters, fix outputs, replacing steps...
13:23:59 - INFO: Injecting looped experiment parameters...
13:23:59 - INFO: Processing task select...
13:23:59 - INFO: Processing task add_column...
13:23:59 - INFO: Processing task add_column...
13:23:59 - INFO: Processing task set_values...
13:23:59 - INFO: Processing task set_values...
13:23:59 - INFO: Processing task intersection...
13:24:01 - INFO: Processing task set_values...
13:24:01 - INFO: Cleaning up temporary tables...
13:24:01 - INFO: Workflow execution done.
13:24:01 - INFO: Building scenario file from workflow results...
13:24:01 - INFO: Building instance sets...
13:24:01 - INFO: Building couplings sets...
13:24:01 - INFO: Preparing instances and couplings for Cadmium...
13:24:01 - INFO: Scenario preparation done.
13:24:01 - INFO: Writing geojson files to disk...
13:24:01 - INFO: Writing scenario file to disk...
13:24:01 - INFO: Assembling metadata for coupled model...
13:24:01 - INFO: Writing metadata file to disk...
13:24:01 - INFO: Dropping database schema...
13:24:01 - INFO: Workflow execution done.
